<?xml version="1.0" encoding="UTF-8"?>
<!-- Generated by org.testng.reporters.JUnitReportReporter -->
<testsuite skipped="0" hostname="LP-5CD812F494" name="com.automation.selenium.ExecuteJavaScript" tests="1" failures="0" timestamp="06 May 2020 05:17:30 GMT" time="5.017" errors="0">
  <testcase name="ExecuteJS" time="5.017" classname="com.automation.selenium.ExecuteJavaScript"/>
</testsuite> <!-- com.automation.selenium.ExecuteJavaScript -->
