<?xml version="1.0" encoding="UTF-8"?>
<!-- Generated by org.testng.reporters.JUnitReportReporter -->
<testsuite skipped="0" hostname="LP-5CD812F494" name="com.automation.testcases.LaunchBrowserTest" tests="1" failures="0" timestamp="26 Apr 2020 11:31:40 GMT" time="45.759" errors="0">
  <testcase name="mainTest" time="45.759" classname="com.automation.testcases.LaunchBrowserTest"/>
</testsuite> <!-- com.automation.testcases.LaunchBrowserTest -->
