<?xml version="1.0" encoding="UTF-8"?>
<!-- Generated by org.testng.reporters.JUnitReportReporter -->
<testsuite skipped="0" hostname="LP-5CD812F494" name="com.automation.testcases.LaunchBrowserTestWithoutFramework" tests="1" failures="0" timestamp="26 Apr 2020 14:06:29 GMT" time="25.336" errors="0">
  <testcase name="mainTest" time="25.336" classname="com.automation.testcases.LaunchBrowserTestWithoutFramework"/>
</testsuite> <!-- com.automation.testcases.LaunchBrowserTestWithoutFramework -->
